2023-02-26 16:29:58 [main] INFO  tn.esprit.springfever.ForumService - Starting ForumService using Java 17.0.6 on kali with PID 185165 (/home/ahmed/P-Dev/welcome-to-esprit/forum-service/target/classes started by ahmed in /home/ahmed/P-Dev/welcome-to-esprit)
2023-02-26 16:29:58 [main] DEBUG tn.esprit.springfever.ForumService - Running with Spring Boot v2.7.3, Spring v5.3.22
2023-02-26 16:29:58 [main] INFO  tn.esprit.springfever.ForumService - No active profile set, falling back to 1 default profile: "default"
2023-02-26 16:29:59 [main] INFO  o.s.d.r.c.RepositoryConfigurationDelegate - Multiple Spring Data modules found, entering strict repository configuration mode
2023-02-26 16:29:59 [main] INFO  o.s.d.r.c.RepositoryConfigurationDelegate - Bootstrapping Spring Data JPA repositories in DEFAULT mode.
2023-02-26 16:29:59 [main] INFO  o.s.d.r.c.RepositoryConfigurationDelegate - Finished Spring Data repository scanning in 112 ms. Found 16 JPA repository interfaces.
2023-02-26 16:29:59 [main] INFO  o.s.d.r.c.RepositoryConfigurationDelegate - Multiple Spring Data modules found, entering strict repository configuration mode
2023-02-26 16:29:59 [main] INFO  o.s.d.r.c.RepositoryConfigurationDelegate - Bootstrapping Spring Data Redis repositories in DEFAULT mode.
2023-02-26 16:29:59 [main] INFO  o.s.d.r.c.RepositoryConfigurationExtensionSupport - Spring Data Redis - Could not safely identify store assignment for repository candidate interface tn.esprit.springfever.repositories.AdMediaRepository; If you want this repository to be a Redis repository, consider annotating your entities with one of these annotations: org.springframework.data.redis.core.RedisHash (preferred), or consider extending one of the following types with your repository: org.springframework.data.keyvalue.repository.KeyValueRepository
2023-02-26 16:29:59 [main] INFO  o.s.d.r.c.RepositoryConfigurationExtensionSupport - Spring Data Redis - Could not safely identify store assignment for repository candidate interface tn.esprit.springfever.repositories.AdPagingRepository; If you want this repository to be a Redis repository, consider annotating your entities with one of these annotations: org.springframework.data.redis.core.RedisHash (preferred), or consider extending one of the following types with your repository: org.springframework.data.keyvalue.repository.KeyValueRepository
2023-02-26 16:29:59 [main] INFO  o.s.d.r.c.RepositoryConfigurationExtensionSupport - Spring Data Redis - Could not safely identify store assignment for repository candidate interface tn.esprit.springfever.repositories.AdRepository; If you want this repository to be a Redis repository, consider annotating your entities with one of these annotations: org.springframework.data.redis.core.RedisHash (preferred), or consider extending one of the following types with your repository: org.springframework.data.keyvalue.repository.KeyValueRepository
2023-02-26 16:29:59 [main] INFO  o.s.d.r.c.RepositoryConfigurationExtensionSupport - Spring Data Redis - Could not safely identify store assignment for repository candidate interface tn.esprit.springfever.repositories.AdViewsRepository; If you want this repository to be a Redis repository, consider annotating your entities with one of these annotations: org.springframework.data.redis.core.RedisHash (preferred), or consider extending one of the following types with your repository: org.springframework.data.keyvalue.repository.KeyValueRepository
2023-02-26 16:29:59 [main] INFO  o.s.d.r.c.RepositoryConfigurationExtensionSupport - Spring Data Redis - Could not safely identify store assignment for repository candidate interface tn.esprit.springfever.repositories.CommentLikeRepository; If you want this repository to be a Redis repository, consider annotating your entities with one of these annotations: org.springframework.data.redis.core.RedisHash (preferred), or consider extending one of the following types with your repository: org.springframework.data.keyvalue.repository.KeyValueRepository
2023-02-26 16:29:59 [main] INFO  o.s.d.r.c.RepositoryConfigurationExtensionSupport - Spring Data Redis - Could not safely identify store assignment for repository candidate interface tn.esprit.springfever.repositories.CommentMediaRepository; If you want this repository to be a Redis repository, consider annotating your entities with one of these annotations: org.springframework.data.redis.core.RedisHash (preferred), or consider extending one of the following types with your repository: org.springframework.data.keyvalue.repository.KeyValueRepository
2023-02-26 16:29:59 [main] INFO  o.s.d.r.c.RepositoryConfigurationExtensionSupport - Spring Data Redis - Could not safely identify store assignment for repository candidate interface tn.esprit.springfever.repositories.CommentPagingRepository; If you want this repository to be a Redis repository, consider annotating your entities with one of these annotations: org.springframework.data.redis.core.RedisHash (preferred), or consider extending one of the following types with your repository: org.springframework.data.keyvalue.repository.KeyValueRepository
2023-02-26 16:29:59 [main] INFO  o.s.d.r.c.RepositoryConfigurationExtensionSupport - Spring Data Redis - Could not safely identify store assignment for repository candidate interface tn.esprit.springfever.repositories.CommentRepository; If you want this repository to be a Redis repository, consider annotating your entities with one of these annotations: org.springframework.data.redis.core.RedisHash (preferred), or consider extending one of the following types with your repository: org.springframework.data.keyvalue.repository.KeyValueRepository
2023-02-26 16:29:59 [main] INFO  o.s.d.r.c.RepositoryConfigurationExtensionSupport - Spring Data Redis - Could not safely identify store assignment for repository candidate interface tn.esprit.springfever.repositories.InterestRepository; If you want this repository to be a Redis repository, consider annotating your entities with one of these annotations: org.springframework.data.redis.core.RedisHash (preferred), or consider extending one of the following types with your repository: org.springframework.data.keyvalue.repository.KeyValueRepository
2023-02-26 16:29:59 [main] INFO  o.s.d.r.c.RepositoryConfigurationExtensionSupport - Spring Data Redis - Could not safely identify store assignment for repository candidate interface tn.esprit.springfever.repositories.MessageRepository; If you want this repository to be a Redis repository, consider annotating your entities with one of these annotations: org.springframework.data.redis.core.RedisHash (preferred), or consider extending one of the following types with your repository: org.springframework.data.keyvalue.repository.KeyValueRepository
2023-02-26 16:29:59 [main] INFO  o.s.d.r.c.RepositoryConfigurationExtensionSupport - Spring Data Redis - Could not safely identify store assignment for repository candidate interface tn.esprit.springfever.repositories.PostLikeRepository; If you want this repository to be a Redis repository, consider annotating your entities with one of these annotations: org.springframework.data.redis.core.RedisHash (preferred), or consider extending one of the following types with your repository: org.springframework.data.keyvalue.repository.KeyValueRepository
2023-02-26 16:29:59 [main] INFO  o.s.d.r.c.RepositoryConfigurationExtensionSupport - Spring Data Redis - Could not safely identify store assignment for repository candidate interface tn.esprit.springfever.repositories.PostMediaRepository; If you want this repository to be a Redis repository, consider annotating your entities with one of these annotations: org.springframework.data.redis.core.RedisHash (preferred), or consider extending one of the following types with your repository: org.springframework.data.keyvalue.repository.KeyValueRepository
2023-02-26 16:29:59 [main] INFO  o.s.d.r.c.RepositoryConfigurationExtensionSupport - Spring Data Redis - Could not safely identify store assignment for repository candidate interface tn.esprit.springfever.repositories.PostPagingRepository; If you want this repository to be a Redis repository, consider annotating your entities with one of these annotations: org.springframework.data.redis.core.RedisHash (preferred), or consider extending one of the following types with your repository: org.springframework.data.keyvalue.repository.KeyValueRepository
2023-02-26 16:29:59 [main] INFO  o.s.d.r.c.RepositoryConfigurationExtensionSupport - Spring Data Redis - Could not safely identify store assignment for repository candidate interface tn.esprit.springfever.repositories.PostRepository; If you want this repository to be a Redis repository, consider annotating your entities with one of these annotations: org.springframework.data.redis.core.RedisHash (preferred), or consider extending one of the following types with your repository: org.springframework.data.keyvalue.repository.KeyValueRepository
2023-02-26 16:29:59 [main] INFO  o.s.d.r.c.RepositoryConfigurationExtensionSupport - Spring Data Redis - Could not safely identify store assignment for repository candidate interface tn.esprit.springfever.repositories.PostViewsRepository; If you want this repository to be a Redis repository, consider annotating your entities with one of these annotations: org.springframework.data.redis.core.RedisHash (preferred), or consider extending one of the following types with your repository: org.springframework.data.keyvalue.repository.KeyValueRepository
2023-02-26 16:29:59 [main] INFO  o.s.d.r.c.RepositoryConfigurationExtensionSupport - Spring Data Redis - Could not safely identify store assignment for repository candidate interface tn.esprit.springfever.repositories.ReactionRepository; If you want this repository to be a Redis repository, consider annotating your entities with one of these annotations: org.springframework.data.redis.core.RedisHash (preferred), or consider extending one of the following types with your repository: org.springframework.data.keyvalue.repository.KeyValueRepository
2023-02-26 16:29:59 [main] INFO  o.s.d.r.c.RepositoryConfigurationDelegate - Finished Spring Data repository scanning in 7 ms. Found 0 Redis repository interfaces.
2023-02-26 16:29:59 [main] INFO  o.s.cloud.context.scope.GenericScope - BeanFactory id=1e62b40c-c921-33ea-998b-b4efe4cc18b0
2023-02-26 16:29:59 [main] INFO  o.s.c.s.PostProcessorRegistrationDelegate$BeanPostProcessorChecker - Bean 'org.springframework.ws.config.annotation.DelegatingWsConfiguration' of type [org.springframework.ws.config.annotation.DelegatingWsConfiguration$$EnhancerBySpringCGLIB$$3476dcb5] is not eligible for getting processed by all BeanPostProcessors (for example: not eligible for auto-proxying)
2023-02-26 16:29:59 [main] INFO  o.s.w.s.a.s.AnnotationActionEndpointMapping - Supporting [WS-Addressing August 2004, WS-Addressing 1.0]
2023-02-26 16:29:59 [main] INFO  o.s.c.s.PostProcessorRegistrationDelegate$BeanPostProcessorChecker - Bean 'org.springframework.cloud.client.loadbalancer.reactive.LoadBalancerBeanPostProcessorAutoConfiguration' of type [org.springframework.cloud.client.loadbalancer.reactive.LoadBalancerBeanPostProcessorAutoConfiguration] is not eligible for getting processed by all BeanPostProcessors (for example: not eligible for auto-proxying)
2023-02-26 16:29:59 [main] INFO  o.s.c.s.PostProcessorRegistrationDelegate$BeanPostProcessorChecker - Bean 'org.springframework.cloud.client.loadbalancer.reactive.LoadBalancerBeanPostProcessorAutoConfiguration$ReactorDeferringLoadBalancerFilterConfig' of type [org.springframework.cloud.client.loadbalancer.reactive.LoadBalancerBeanPostProcessorAutoConfiguration$ReactorDeferringLoadBalancerFilterConfig] is not eligible for getting processed by all BeanPostProcessors (for example: not eligible for auto-proxying)
2023-02-26 16:29:59 [main] INFO  o.s.c.s.PostProcessorRegistrationDelegate$BeanPostProcessorChecker - Bean 'reactorDeferringLoadBalancerExchangeFilterFunction' of type [org.springframework.cloud.client.loadbalancer.reactive.DeferringLoadBalancerExchangeFilterFunction] is not eligible for getting processed by all BeanPostProcessors (for example: not eligible for auto-proxying)
2023-02-26 16:29:59 [main] INFO  o.s.b.w.e.tomcat.TomcatWebServer - Tomcat initialized with port(s): 8085 (http)
2023-02-26 16:29:59 [main] INFO  o.a.coyote.http11.Http11NioProtocol - Initializing ProtocolHandler ["http-nio-8085"]
2023-02-26 16:29:59 [main] INFO  o.a.catalina.core.StandardService - Starting service [Tomcat]
2023-02-26 16:29:59 [main] INFO  o.a.catalina.core.StandardEngine - Starting Servlet engine: [Apache Tomcat/9.0.65]
2023-02-26 16:29:59 [main] INFO  o.a.c.c.C.[.[localhost].[/forum] - Initializing Spring embedded WebApplicationContext
2023-02-26 16:29:59 [main] INFO  o.s.b.w.s.c.ServletWebServerApplicationContext - Root WebApplicationContext: initialization completed in 1469 ms
2023-02-26 16:30:00 [main] INFO  com.zaxxer.hikari.HikariDataSource - HikariPool-1 - Starting...
2023-02-26 16:30:00 [main] WARN  c.z.hikari.util.DriverDataSource - Registered driver with driverClassName=com.mysql.jdbc.Driver was not found, trying direct instantiation.
2023-02-26 16:30:00 [main] INFO  com.zaxxer.hikari.HikariDataSource - HikariPool-1 - Start completed.
2023-02-26 16:30:00 [main] INFO  o.s.o.j.LocalContainerEntityManagerFactoryBean - Initialized JPA EntityManagerFactory for persistence unit 'default'
2023-02-26 16:30:01 [main] WARN  o.s.b.a.o.j.JpaBaseConfiguration$JpaWebConfiguration - spring.jpa.open-in-view is enabled by default. Therefore, database queries may be performed during view rendering. Explicitly configure spring.jpa.open-in-view to disable this warning
2023-02-26 16:30:01 [main] WARN  o.s.b.a.s.s.UserDetailsServiceAutoConfiguration - 

Using generated security password: 13982c35-26fb-44fd-99a6-ec734cced1d6

This generated password is for development use only. Your security configuration must be updated before running your application in production.

2023-02-26 16:30:01 [main] INFO  o.s.s.web.DefaultSecurityFilterChain - Will secure any request with [org.springframework.security.web.session.DisableEncodeUrlFilter@5cb654e3, org.springframework.security.web.context.request.async.WebAsyncManagerIntegrationFilter@3f89d36c, org.springframework.security.web.context.SecurityContextPersistenceFilter@5c6ee543, org.springframework.security.web.header.HeaderWriterFilter@68bef3df, org.springframework.security.web.authentication.logout.LogoutFilter@1adc38a0, org.springframework.security.web.savedrequest.RequestCacheAwareFilter@1418a1bd, org.springframework.security.web.servletapi.SecurityContextHolderAwareRequestFilter@39336f5, org.springframework.security.web.authentication.AnonymousAuthenticationFilter@520034a, org.springframework.security.web.session.SessionManagementFilter@38f2342b, org.springframework.security.web.access.ExceptionTranslationFilter@638b05fb, org.springframework.security.web.access.intercept.FilterSecurityInterceptor@61bfd7da]
2023-02-26 16:30:02 [main] WARN  o.s.b.a.f.FreeMarkerAutoConfiguration - Cannot find template location(s): [classpath:/templates/] (please add some templates, check your FreeMarker configuration, or set spring.freemarker.checkTemplateLocation=false)
2023-02-26 16:30:02 [main] INFO  o.s.c.n.e.c.DiscoveryClientOptionalArgsConfiguration - Eureka HTTP Client uses RestTemplate.
2023-02-26 16:30:02 [main] WARN  o.s.c.l.c.LoadBalancerCacheAutoConfiguration$LoadBalancerCaffeineWarnLogger - Spring Cloud LoadBalancer is currently working with the default cache. While this cache implementation is useful for development and tests, it's recommended to use Caffeine cache in production.You can switch to using Caffeine cache, by adding it and org.springframework.cache.caffeine.CaffeineCacheManager to the classpath.
2023-02-26 16:30:02 [main] INFO  o.s.c.n.eureka.InstanceInfoFactory - Setting initial instance status as: STARTING
2023-02-26 16:30:02 [main] INFO  c.netflix.discovery.DiscoveryClient - Initializing Eureka in region us-east-1
2023-02-26 16:30:02 [main] INFO  c.n.d.s.r.aws.ConfigClusterResolver - Resolving eureka endpoints via configuration
2023-02-26 16:30:02 [main] INFO  c.netflix.discovery.DiscoveryClient - Disable delta property : false
2023-02-26 16:30:02 [main] INFO  c.netflix.discovery.DiscoveryClient - Single vip registry refresh property : null
2023-02-26 16:30:02 [main] INFO  c.netflix.discovery.DiscoveryClient - Force full registry fetch : false
2023-02-26 16:30:02 [main] INFO  c.netflix.discovery.DiscoveryClient - Application is null : false
2023-02-26 16:30:02 [main] INFO  c.netflix.discovery.DiscoveryClient - Registered Applications size is zero : true
2023-02-26 16:30:02 [main] INFO  c.netflix.discovery.DiscoveryClient - Application version is -1: true
2023-02-26 16:30:02 [main] INFO  c.netflix.discovery.DiscoveryClient - Getting all instance registry info from the eureka server
2023-02-26 16:30:03 [main] INFO  c.netflix.discovery.DiscoveryClient - The response status is 200
2023-02-26 16:30:03 [main] INFO  c.netflix.discovery.DiscoveryClient - Starting heartbeat executor: renew interval is: 30
2023-02-26 16:30:03 [main] INFO  c.n.discovery.InstanceInfoReplicator - InstanceInfoReplicator onDemand update allowed rate per min is 4
2023-02-26 16:30:03 [main] INFO  c.netflix.discovery.DiscoveryClient - Discovery Client initialized at timestamp 1677425403188 with initial instances count: 3
2023-02-26 16:30:03 [main] INFO  o.s.c.n.e.s.EurekaServiceRegistry - Registering application FORUM-SERVICE with eureka with status UP
2023-02-26 16:30:03 [main] INFO  c.netflix.discovery.DiscoveryClient - Saw local status change event StatusChangeEvent [timestamp=1677425403192, current=UP, previous=STARTING]
2023-02-26 16:30:03 [DiscoveryClient-InstanceInfoReplicator-0] INFO  c.netflix.discovery.DiscoveryClient - DiscoveryClient_FORUM-SERVICE/192.168.0.4:forum-service:8085: registering service...
2023-02-26 16:30:03 [main] INFO  o.a.coyote.http11.Http11NioProtocol - Starting ProtocolHandler ["http-nio-8085"]
2023-02-26 16:30:03 [main] INFO  o.s.b.w.e.tomcat.TomcatWebServer - Tomcat started on port(s): 8085 (http) with context path '/forum'
2023-02-26 16:30:03 [main] INFO  o.s.c.n.e.s.EurekaAutoServiceRegistration - Updating port to 8085
2023-02-26 16:30:03 [DiscoveryClient-InstanceInfoReplicator-0] INFO  c.netflix.discovery.DiscoveryClient - DiscoveryClient_FORUM-SERVICE/192.168.0.4:forum-service:8085 - registration status: 204
2023-02-26 16:30:03 [main] INFO  tn.esprit.springfever.ForumService - Started ForumService in 5.545 seconds (JVM running for 6.022)
2023-02-26 16:30:27 [http-nio-8085-exec-1] INFO  o.a.c.c.C.[.[localhost].[/forum] - Initializing Spring DispatcherServlet 'dispatcherServlet'
2023-02-26 16:30:27 [http-nio-8085-exec-1] INFO  o.s.web.servlet.DispatcherServlet - Initializing Servlet 'dispatcherServlet'
2023-02-26 16:30:27 [http-nio-8085-exec-1] INFO  o.s.web.servlet.DispatcherServlet - Completed initialization in 1 ms
2023-02-26 16:30:27 [http-nio-8085-exec-1] INFO  o.s.a.r.c.CachingConnectionFactory - Attempting to connect to: localhost:5672
2023-02-26 16:30:27 [http-nio-8085-exec-1] INFO  o.s.a.r.c.CachingConnectionFactory - Created new connection: connectionFactory#6a175162:0/SimpleConnection@6f148dfd [delegate=amqp://rabbitmq@127.0.0.1:5672/, localPort= 42148]
2023-02-26 16:30:27 [http-nio-8085-exec-1] INFO  o.s.amqp.rabbit.core.RabbitAdmin - Auto-declaring a non-durable, auto-delete, or exclusive Queue (response_queue) durable:false, auto-delete:false, exclusive:false. It will be redeclared if the broker stops and is restarted while the connection factory is alive, but all messages will be lost.
2023-02-26 16:30:27 [http-nio-8085-exec-1] INFO  o.s.a.r.l.DirectReplyToMessageListenerContainer - Container initialized for queues: [amq.rabbitmq.reply-to]
2023-02-26 16:30:27 [http-nio-8085-exec-1] INFO  o.s.a.r.l.DirectReplyToMessageListenerContainer - SimpleConsumer [queue=amq.rabbitmq.reply-to, index=0, consumerTag=amq.ctag-LdmUeu6IPTEmoWGhgn7ySA identity=1cdfb3d9] started
2023-02-26 16:30:27 [http-nio-8085-exec-1] WARN  t.e.s.s.implementations.UserService - ROLE_USER
2023-02-26 16:30:27 [http-nio-8085-exec-1] WARN  t.e.s.s.implementations.UserService - ROLE_USER
2023-02-26 16:30:27 [http-nio-8085-exec-1] WARN  t.e.s.s.implementations.UserService - ROLE_USER
2023-02-26 16:30:28 [http-nio-8085-exec-1] WARN  t.e.s.s.implementations.UserService - ROLE_USER
2023-02-26 16:30:28 [http-nio-8085-exec-1] WARN  t.e.s.s.implementations.UserService - ROLE_USER
2023-02-26 16:30:28 [http-nio-8085-exec-1] WARN  t.e.s.s.implementations.UserService - ROLE_USER
2023-02-26 16:30:28 [http-nio-8085-exec-1] WARN  t.e.s.s.implementations.UserService - ROLE_USER
2023-02-26 16:30:28 [http-nio-8085-exec-1] WARN  t.e.s.s.implementations.UserService - ROLE_USER
2023-02-26 16:30:28 [http-nio-8085-exec-1] WARN  t.e.s.s.implementations.UserService - ROLE_USER
2023-02-26 16:30:28 [http-nio-8085-exec-1] WARN  t.e.s.s.implementations.UserService - ROLE_USER
2023-02-26 16:30:29 [http-nio-8085-exec-1] WARN  t.e.s.s.implementations.UserService - ROLE_USER
2023-02-26 16:30:29 [http-nio-8085-exec-1] WARN  t.e.s.s.implementations.UserService - ROLE_USER
2023-02-26 16:32:09 [SpringApplicationShutdownHook] INFO  o.s.c.n.e.s.EurekaServiceRegistry - Unregistering application FORUM-SERVICE with eureka with status DOWN
2023-02-26 16:32:09 [SpringApplicationShutdownHook] INFO  c.netflix.discovery.DiscoveryClient - Saw local status change event StatusChangeEvent [timestamp=1677425529571, current=DOWN, previous=UP]
2023-02-26 16:32:09 [DiscoveryClient-InstanceInfoReplicator-0] INFO  c.netflix.discovery.DiscoveryClient - DiscoveryClient_FORUM-SERVICE/192.168.0.4:forum-service:8085: registering service...
2023-02-26 16:32:09 [DiscoveryClient-InstanceInfoReplicator-0] INFO  c.netflix.discovery.DiscoveryClient - DiscoveryClient_FORUM-SERVICE/192.168.0.4:forum-service:8085 - registration status: 204
2023-02-26 16:32:09 [SpringApplicationShutdownHook] INFO  o.s.a.r.l.DirectReplyToMessageListenerContainer - Successfully waited for consumers to finish.
2023-02-26 16:32:09 [SpringApplicationShutdownHook] INFO  o.s.o.j.LocalContainerEntityManagerFactoryBean - Closing JPA EntityManagerFactory for persistence unit 'default'
2023-02-26 16:32:09 [SpringApplicationShutdownHook] INFO  com.zaxxer.hikari.HikariDataSource - HikariPool-1 - Shutdown initiated...
2023-02-26 16:32:09 [SpringApplicationShutdownHook] INFO  com.zaxxer.hikari.HikariDataSource - HikariPool-1 - Shutdown completed.
2023-02-26 16:32:09 [SpringApplicationShutdownHook] INFO  c.netflix.discovery.DiscoveryClient - Shutting down DiscoveryClient ...
2023-02-26 16:32:12 [SpringApplicationShutdownHook] INFO  c.netflix.discovery.DiscoveryClient - Unregistering ...
2023-02-26 16:32:12 [SpringApplicationShutdownHook] INFO  c.netflix.discovery.DiscoveryClient - DiscoveryClient_FORUM-SERVICE/192.168.0.4:forum-service:8085 - deregister  status: 200
2023-02-26 16:32:12 [SpringApplicationShutdownHook] INFO  c.netflix.discovery.DiscoveryClient - Completed shut down of DiscoveryClient
2023-02-26 16:32:15 [main] INFO  tn.esprit.springfever.ForumService - Starting ForumService using Java 17.0.6 on kali with PID 186746 (/home/ahmed/P-Dev/welcome-to-esprit/forum-service/target/classes started by ahmed in /home/ahmed/P-Dev/welcome-to-esprit)
2023-02-26 16:32:15 [main] DEBUG tn.esprit.springfever.ForumService - Running with Spring Boot v2.7.3, Spring v5.3.22
2023-02-26 16:32:15 [main] INFO  tn.esprit.springfever.ForumService - No active profile set, falling back to 1 default profile: "default"
2023-02-26 16:32:15 [main] INFO  o.s.d.r.c.RepositoryConfigurationDelegate - Multiple Spring Data modules found, entering strict repository configuration mode
2023-02-26 16:32:15 [main] INFO  o.s.d.r.c.RepositoryConfigurationDelegate - Bootstrapping Spring Data JPA repositories in DEFAULT mode.
2023-02-26 16:32:16 [main] INFO  o.s.d.r.c.RepositoryConfigurationDelegate - Finished Spring Data repository scanning in 96 ms. Found 16 JPA repository interfaces.
2023-02-26 16:32:16 [main] INFO  o.s.d.r.c.RepositoryConfigurationDelegate - Multiple Spring Data modules found, entering strict repository configuration mode
2023-02-26 16:32:16 [main] INFO  o.s.d.r.c.RepositoryConfigurationDelegate - Bootstrapping Spring Data Redis repositories in DEFAULT mode.
2023-02-26 16:32:16 [main] INFO  o.s.d.r.c.RepositoryConfigurationExtensionSupport - Spring Data Redis - Could not safely identify store assignment for repository candidate interface tn.esprit.springfever.repositories.AdMediaRepository; If you want this repository to be a Redis repository, consider annotating your entities with one of these annotations: org.springframework.data.redis.core.RedisHash (preferred), or consider extending one of the following types with your repository: org.springframework.data.keyvalue.repository.KeyValueRepository
2023-02-26 16:32:16 [main] INFO  o.s.d.r.c.RepositoryConfigurationExtensionSupport - Spring Data Redis - Could not safely identify store assignment for repository candidate interface tn.esprit.springfever.repositories.AdPagingRepository; If you want this repository to be a Redis repository, consider annotating your entities with one of these annotations: org.springframework.data.redis.core.RedisHash (preferred), or consider extending one of the following types with your repository: org.springframework.data.keyvalue.repository.KeyValueRepository
2023-02-26 16:32:16 [main] INFO  o.s.d.r.c.RepositoryConfigurationExtensionSupport - Spring Data Redis - Could not safely identify store assignment for repository candidate interface tn.esprit.springfever.repositories.AdRepository; If you want this repository to be a Redis repository, consider annotating your entities with one of these annotations: org.springframework.data.redis.core.RedisHash (preferred), or consider extending one of the following types with your repository: org.springframework.data.keyvalue.repository.KeyValueRepository
2023-02-26 16:32:16 [main] INFO  o.s.d.r.c.RepositoryConfigurationExtensionSupport - Spring Data Redis - Could not safely identify store assignment for repository candidate interface tn.esprit.springfever.repositories.AdViewsRepository; If you want this repository to be a Redis repository, consider annotating your entities with one of these annotations: org.springframework.data.redis.core.RedisHash (preferred), or consider extending one of the following types with your repository: org.springframework.data.keyvalue.repository.KeyValueRepository
2023-02-26 16:32:16 [main] INFO  o.s.d.r.c.RepositoryConfigurationExtensionSupport - Spring Data Redis - Could not safely identify store assignment for repository candidate interface tn.esprit.springfever.repositories.CommentLikeRepository; If you want this repository to be a Redis repository, consider annotating your entities with one of these annotations: org.springframework.data.redis.core.RedisHash (preferred), or consider extending one of the following types with your repository: org.springframework.data.keyvalue.repository.KeyValueRepository
2023-02-26 16:32:16 [main] INFO  o.s.d.r.c.RepositoryConfigurationExtensionSupport - Spring Data Redis - Could not safely identify store assignment for repository candidate interface tn.esprit.springfever.repositories.CommentMediaRepository; If you want this repository to be a Redis repository, consider annotating your entities with one of these annotations: org.springframework.data.redis.core.RedisHash (preferred), or consider extending one of the following types with your repository: org.springframework.data.keyvalue.repository.KeyValueRepository
2023-02-26 16:32:16 [main] INFO  o.s.d.r.c.RepositoryConfigurationExtensionSupport - Spring Data Redis - Could not safely identify store assignment for repository candidate interface tn.esprit.springfever.repositories.CommentPagingRepository; If you want this repository to be a Redis repository, consider annotating your entities with one of these annotations: org.springframework.data.redis.core.RedisHash (preferred), or consider extending one of the following types with your repository: org.springframework.data.keyvalue.repository.KeyValueRepository
2023-02-26 16:32:16 [main] INFO  o.s.d.r.c.RepositoryConfigurationExtensionSupport - Spring Data Redis - Could not safely identify store assignment for repository candidate interface tn.esprit.springfever.repositories.CommentRepository; If you want this repository to be a Redis repository, consider annotating your entities with one of these annotations: org.springframework.data.redis.core.RedisHash (preferred), or consider extending one of the following types with your repository: org.springframework.data.keyvalue.repository.KeyValueRepository
2023-02-26 16:32:16 [main] INFO  o.s.d.r.c.RepositoryConfigurationExtensionSupport - Spring Data Redis - Could not safely identify store assignment for repository candidate interface tn.esprit.springfever.repositories.InterestRepository; If you want this repository to be a Redis repository, consider annotating your entities with one of these annotations: org.springframework.data.redis.core.RedisHash (preferred), or consider extending one of the following types with your repository: org.springframework.data.keyvalue.repository.KeyValueRepository
2023-02-26 16:32:16 [main] INFO  o.s.d.r.c.RepositoryConfigurationExtensionSupport - Spring Data Redis - Could not safely identify store assignment for repository candidate interface tn.esprit.springfever.repositories.MessageRepository; If you want this repository to be a Redis repository, consider annotating your entities with one of these annotations: org.springframework.data.redis.core.RedisHash (preferred), or consider extending one of the following types with your repository: org.springframework.data.keyvalue.repository.KeyValueRepository
2023-02-26 16:32:16 [main] INFO  o.s.d.r.c.RepositoryConfigurationExtensionSupport - Spring Data Redis - Could not safely identify store assignment for repository candidate interface tn.esprit.springfever.repositories.PostLikeRepository; If you want this repository to be a Redis repository, consider annotating your entities with one of these annotations: org.springframework.data.redis.core.RedisHash (preferred), or consider extending one of the following types with your repository: org.springframework.data.keyvalue.repository.KeyValueRepository
2023-02-26 16:32:16 [main] INFO  o.s.d.r.c.RepositoryConfigurationExtensionSupport - Spring Data Redis - Could not safely identify store assignment for repository candidate interface tn.esprit.springfever.repositories.PostMediaRepository; If you want this repository to be a Redis repository, consider annotating your entities with one of these annotations: org.springframework.data.redis.core.RedisHash (preferred), or consider extending one of the following types with your repository: org.springframework.data.keyvalue.repository.KeyValueRepository
2023-02-26 16:32:16 [main] INFO  o.s.d.r.c.RepositoryConfigurationExtensionSupport - Spring Data Redis - Could not safely identify store assignment for repository candidate interface tn.esprit.springfever.repositories.PostPagingRepository; If you want this repository to be a Redis repository, consider annotating your entities with one of these annotations: org.springframework.data.redis.core.RedisHash (preferred), or consider extending one of the following types with your repository: org.springframework.data.keyvalue.repository.KeyValueRepository
2023-02-26 16:32:16 [main] INFO  o.s.d.r.c.RepositoryConfigurationExtensionSupport - Spring Data Redis - Could not safely identify store assignment for repository candidate interface tn.esprit.springfever.repositories.PostRepository; If you want this repository to be a Redis repository, consider annotating your entities with one of these annotations: org.springframework.data.redis.core.RedisHash (preferred), or consider extending one of the following types with your repository: org.springframework.data.keyvalue.repository.KeyValueRepository
2023-02-26 16:32:16 [main] INFO  o.s.d.r.c.RepositoryConfigurationExtensionSupport - Spring Data Redis - Could not safely identify store assignment for repository candidate interface tn.esprit.springfever.repositories.PostViewsRepository; If you want this repository to be a Redis repository, consider annotating your entities with one of these annotations: org.springframework.data.redis.core.RedisHash (preferred), or consider extending one of the following types with your repository: org.springframework.data.keyvalue.repository.KeyValueRepository
2023-02-26 16:32:16 [main] INFO  o.s.d.r.c.RepositoryConfigurationExtensionSupport - Spring Data Redis - Could not safely identify store assignment for repository candidate interface tn.esprit.springfever.repositories.ReactionRepository; If you want this repository to be a Redis repository, consider annotating your entities with one of these annotations: org.springframework.data.redis.core.RedisHash (preferred), or consider extending one of the following types with your repository: org.springframework.data.keyvalue.repository.KeyValueRepository
2023-02-26 16:32:16 [main] INFO  o.s.d.r.c.RepositoryConfigurationDelegate - Finished Spring Data repository scanning in 5 ms. Found 0 Redis repository interfaces.
2023-02-26 16:32:16 [main] INFO  o.s.cloud.context.scope.GenericScope - BeanFactory id=1e62b40c-c921-33ea-998b-b4efe4cc18b0
2023-02-26 16:32:16 [main] INFO  o.s.c.s.PostProcessorRegistrationDelegate$BeanPostProcessorChecker - Bean 'org.springframework.ws.config.annotation.DelegatingWsConfiguration' of type [org.springframework.ws.config.annotation.DelegatingWsConfiguration$$EnhancerBySpringCGLIB$$2deff19] is not eligible for getting processed by all BeanPostProcessors (for example: not eligible for auto-proxying)
2023-02-26 16:32:16 [main] INFO  o.s.w.s.a.s.AnnotationActionEndpointMapping - Supporting [WS-Addressing August 2004, WS-Addressing 1.0]
2023-02-26 16:32:16 [main] INFO  o.s.c.s.PostProcessorRegistrationDelegate$BeanPostProcessorChecker - Bean 'org.springframework.cloud.client.loadbalancer.reactive.LoadBalancerBeanPostProcessorAutoConfiguration' of type [org.springframework.cloud.client.loadbalancer.reactive.LoadBalancerBeanPostProcessorAutoConfiguration] is not eligible for getting processed by all BeanPostProcessors (for example: not eligible for auto-proxying)
2023-02-26 16:32:16 [main] INFO  o.s.c.s.PostProcessorRegistrationDelegate$BeanPostProcessorChecker - Bean 'org.springframework.cloud.client.loadbalancer.reactive.LoadBalancerBeanPostProcessorAutoConfiguration$ReactorDeferringLoadBalancerFilterConfig' of type [org.springframework.cloud.client.loadbalancer.reactive.LoadBalancerBeanPostProcessorAutoConfiguration$ReactorDeferringLoadBalancerFilterConfig] is not eligible for getting processed by all BeanPostProcessors (for example: not eligible for auto-proxying)
2023-02-26 16:32:16 [main] INFO  o.s.c.s.PostProcessorRegistrationDelegate$BeanPostProcessorChecker - Bean 'reactorDeferringLoadBalancerExchangeFilterFunction' of type [org.springframework.cloud.client.loadbalancer.reactive.DeferringLoadBalancerExchangeFilterFunction] is not eligible for getting processed by all BeanPostProcessors (for example: not eligible for auto-proxying)
2023-02-26 16:32:16 [main] INFO  o.s.b.w.e.tomcat.TomcatWebServer - Tomcat initialized with port(s): 8085 (http)
2023-02-26 16:32:16 [main] INFO  o.a.coyote.http11.Http11NioProtocol - Initializing ProtocolHandler ["http-nio-8085"]
2023-02-26 16:32:16 [main] INFO  o.a.catalina.core.StandardService - Starting service [Tomcat]
2023-02-26 16:32:16 [main] INFO  o.a.catalina.core.StandardEngine - Starting Servlet engine: [Apache Tomcat/9.0.65]
2023-02-26 16:32:16 [main] INFO  o.a.c.c.C.[.[localhost].[/forum] - Initializing Spring embedded WebApplicationContext
2023-02-26 16:32:16 [main] INFO  o.s.b.w.s.c.ServletWebServerApplicationContext - Root WebApplicationContext: initialization completed in 1094 ms
2023-02-26 16:32:16 [main] INFO  com.zaxxer.hikari.HikariDataSource - HikariPool-1 - Starting...
2023-02-26 16:32:16 [main] WARN  c.z.hikari.util.DriverDataSource - Registered driver with driverClassName=com.mysql.jdbc.Driver was not found, trying direct instantiation.
2023-02-26 16:32:16 [main] INFO  com.zaxxer.hikari.HikariDataSource - HikariPool-1 - Start completed.
2023-02-26 16:32:17 [main] INFO  o.s.o.j.LocalContainerEntityManagerFactoryBean - Initialized JPA EntityManagerFactory for persistence unit 'default'
2023-02-26 16:32:18 [main] WARN  o.s.b.a.o.j.JpaBaseConfiguration$JpaWebConfiguration - spring.jpa.open-in-view is enabled by default. Therefore, database queries may be performed during view rendering. Explicitly configure spring.jpa.open-in-view to disable this warning
2023-02-26 16:32:18 [main] WARN  o.s.b.a.s.s.UserDetailsServiceAutoConfiguration - 

Using generated security password: 385a0362-ee58-443b-9eef-a652d5d68dfe

This generated password is for development use only. Your security configuration must be updated before running your application in production.

2023-02-26 16:32:18 [main] INFO  o.s.s.web.DefaultSecurityFilterChain - Will secure any request with [org.springframework.security.web.session.DisableEncodeUrlFilter@72f71ea2, org.springframework.security.web.context.request.async.WebAsyncManagerIntegrationFilter@5a097a83, org.springframework.security.web.context.SecurityContextPersistenceFilter@4c32aa7e, org.springframework.security.web.header.HeaderWriterFilter@7594d189, org.springframework.security.web.authentication.logout.LogoutFilter@26401eda, org.springframework.security.web.savedrequest.RequestCacheAwareFilter@fd8513b, org.springframework.security.web.servletapi.SecurityContextHolderAwareRequestFilter@2ecb87b2, org.springframework.security.web.authentication.AnonymousAuthenticationFilter@10d8769e, org.springframework.security.web.session.SessionManagementFilter@4ac1544f, org.springframework.security.web.access.ExceptionTranslationFilter@5ab0168, org.springframework.security.web.access.intercept.FilterSecurityInterceptor@759862a2]
2023-02-26 16:32:19 [main] WARN  o.s.b.a.f.FreeMarkerAutoConfiguration - Cannot find template location(s): [classpath:/templates/] (please add some templates, check your FreeMarker configuration, or set spring.freemarker.checkTemplateLocation=false)
2023-02-26 16:32:19 [main] INFO  o.s.c.n.e.c.DiscoveryClientOptionalArgsConfiguration - Eureka HTTP Client uses RestTemplate.
2023-02-26 16:32:19 [main] WARN  o.s.c.l.c.LoadBalancerCacheAutoConfiguration$LoadBalancerCaffeineWarnLogger - Spring Cloud LoadBalancer is currently working with the default cache. While this cache implementation is useful for development and tests, it's recommended to use Caffeine cache in production.You can switch to using Caffeine cache, by adding it and org.springframework.cache.caffeine.CaffeineCacheManager to the classpath.
2023-02-26 16:32:19 [main] INFO  o.s.c.n.eureka.InstanceInfoFactory - Setting initial instance status as: STARTING
2023-02-26 16:32:19 [main] INFO  c.netflix.discovery.DiscoveryClient - Initializing Eureka in region us-east-1
2023-02-26 16:32:19 [main] INFO  c.n.d.s.r.aws.ConfigClusterResolver - Resolving eureka endpoints via configuration
2023-02-26 16:32:19 [main] INFO  c.netflix.discovery.DiscoveryClient - Disable delta property : false
2023-02-26 16:32:19 [main] INFO  c.netflix.discovery.DiscoveryClient - Single vip registry refresh property : null
2023-02-26 16:32:19 [main] INFO  c.netflix.discovery.DiscoveryClient - Force full registry fetch : false
2023-02-26 16:32:19 [main] INFO  c.netflix.discovery.DiscoveryClient - Application is null : false
2023-02-26 16:32:19 [main] INFO  c.netflix.discovery.DiscoveryClient - Registered Applications size is zero : true
2023-02-26 16:32:19 [main] INFO  c.netflix.discovery.DiscoveryClient - Application version is -1: true
2023-02-26 16:32:19 [main] INFO  c.netflix.discovery.DiscoveryClient - Getting all instance registry info from the eureka server
2023-02-26 16:32:19 [main] INFO  c.netflix.discovery.DiscoveryClient - The response status is 200
2023-02-26 16:32:19 [main] INFO  c.netflix.discovery.DiscoveryClient - Starting heartbeat executor: renew interval is: 30
2023-02-26 16:32:19 [main] INFO  c.n.discovery.InstanceInfoReplicator - InstanceInfoReplicator onDemand update allowed rate per min is 4
2023-02-26 16:32:19 [main] INFO  c.netflix.discovery.DiscoveryClient - Discovery Client initialized at timestamp 1677425539737 with initial instances count: 4
2023-02-26 16:32:19 [main] INFO  o.s.c.n.e.s.EurekaServiceRegistry - Registering application FORUM-SERVICE with eureka with status UP
2023-02-26 16:32:19 [main] INFO  c.netflix.discovery.DiscoveryClient - Saw local status change event StatusChangeEvent [timestamp=1677425539740, current=UP, previous=STARTING]
2023-02-26 16:32:19 [DiscoveryClient-InstanceInfoReplicator-0] INFO  c.netflix.discovery.DiscoveryClient - DiscoveryClient_FORUM-SERVICE/192.168.0.4:forum-service:8085: registering service...
2023-02-26 16:32:19 [main] INFO  o.a.coyote.http11.Http11NioProtocol - Starting ProtocolHandler ["http-nio-8085"]
2023-02-26 16:32:19 [main] INFO  o.s.b.w.e.tomcat.TomcatWebServer - Tomcat started on port(s): 8085 (http) with context path '/forum'
2023-02-26 16:32:19 [main] INFO  o.s.c.n.e.s.EurekaAutoServiceRegistration - Updating port to 8085
2023-02-26 16:32:19 [DiscoveryClient-InstanceInfoReplicator-0] INFO  c.netflix.discovery.DiscoveryClient - DiscoveryClient_FORUM-SERVICE/192.168.0.4:forum-service:8085 - registration status: 204
2023-02-26 16:32:19 [main] INFO  tn.esprit.springfever.ForumService - Started ForumService in 4.756 seconds (JVM running for 5.147)
2023-02-26 16:32:21 [http-nio-8085-exec-1] INFO  o.a.c.c.C.[.[localhost].[/forum] - Initializing Spring DispatcherServlet 'dispatcherServlet'
2023-02-26 16:32:21 [http-nio-8085-exec-1] INFO  o.s.web.servlet.DispatcherServlet - Initializing Servlet 'dispatcherServlet'
2023-02-26 16:32:21 [http-nio-8085-exec-1] INFO  o.s.web.servlet.DispatcherServlet - Completed initialization in 1 ms
2023-02-26 16:32:21 [http-nio-8085-exec-1] INFO  o.s.a.r.c.CachingConnectionFactory - Attempting to connect to: localhost:5672
2023-02-26 16:32:21 [http-nio-8085-exec-1] INFO  o.s.a.r.c.CachingConnectionFactory - Created new connection: connectionFactory#650a0b50:0/SimpleConnection@6369201a [delegate=amqp://rabbitmq@127.0.0.1:5672/, localPort= 60082]
2023-02-26 16:32:21 [http-nio-8085-exec-1] INFO  o.s.amqp.rabbit.core.RabbitAdmin - Auto-declaring a non-durable, auto-delete, or exclusive Queue (response_queue) durable:false, auto-delete:false, exclusive:false. It will be redeclared if the broker stops and is restarted while the connection factory is alive, but all messages will be lost.
2023-02-26 16:32:21 [http-nio-8085-exec-1] INFO  o.s.a.r.l.DirectReplyToMessageListenerContainer - Container initialized for queues: [amq.rabbitmq.reply-to]
2023-02-26 16:32:21 [http-nio-8085-exec-1] INFO  o.s.a.r.l.DirectReplyToMessageListenerContainer - SimpleConsumer [queue=amq.rabbitmq.reply-to, index=0, consumerTag=amq.ctag-XTAiv64qsRQlsuI0C3uAJw identity=78b80085] started
2023-02-26 16:32:21 [http-nio-8085-exec-1] WARN  t.e.s.s.implementations.UserService - ROLE_USER
2023-02-26 16:32:21 [http-nio-8085-exec-1] WARN  t.e.s.s.implementations.UserService - ROLE_USER
2023-02-26 16:32:21 [http-nio-8085-exec-1] WARN  t.e.s.s.implementations.UserService - ROLE_USER
2023-02-26 16:32:22 [http-nio-8085-exec-1] WARN  t.e.s.s.implementations.UserService - ROLE_USER
2023-02-26 16:32:22 [http-nio-8085-exec-1] WARN  t.e.s.s.implementations.UserService - ROLE_USER
2023-02-26 16:32:22 [http-nio-8085-exec-1] WARN  t.e.s.s.implementations.UserService - ROLE_USER
2023-02-26 16:32:22 [http-nio-8085-exec-1] WARN  t.e.s.s.implementations.UserService - ROLE_USER
2023-02-26 16:32:22 [http-nio-8085-exec-1] WARN  t.e.s.s.implementations.UserService - ROLE_USER
2023-02-26 16:32:22 [http-nio-8085-exec-1] WARN  t.e.s.s.implementations.UserService - ROLE_USER
2023-02-26 16:32:23 [http-nio-8085-exec-1] WARN  t.e.s.s.implementations.UserService - ROLE_USER
2023-02-26 16:32:23 [http-nio-8085-exec-1] WARN  t.e.s.s.implementations.UserService - ROLE_USER
2023-02-26 16:32:23 [http-nio-8085-exec-1] WARN  t.e.s.s.implementations.UserService - ROLE_USER
2023-02-26 16:37:19 [AsyncResolver-bootstrap-executor-0] INFO  c.n.d.s.r.aws.ConfigClusterResolver - Resolving eureka endpoints via configuration
2023-02-26 16:37:25 [SpringApplicationShutdownHook] INFO  o.s.c.n.e.s.EurekaServiceRegistry - Unregistering application FORUM-SERVICE with eureka with status DOWN
2023-02-26 16:37:25 [SpringApplicationShutdownHook] INFO  c.netflix.discovery.DiscoveryClient - Saw local status change event StatusChangeEvent [timestamp=1677425845565, current=DOWN, previous=UP]
2023-02-26 16:37:25 [DiscoveryClient-InstanceInfoReplicator-0] INFO  c.netflix.discovery.DiscoveryClient - DiscoveryClient_FORUM-SERVICE/192.168.0.4:forum-service:8085: registering service...
2023-02-26 16:37:25 [DiscoveryClient-InstanceInfoReplicator-0] INFO  c.netflix.discovery.DiscoveryClient - DiscoveryClient_FORUM-SERVICE/192.168.0.4:forum-service:8085 - registration status: 204
2023-02-26 16:37:25 [SpringApplicationShutdownHook] INFO  o.s.a.r.l.DirectReplyToMessageListenerContainer - Successfully waited for consumers to finish.
2023-02-26 16:37:25 [SpringApplicationShutdownHook] INFO  o.s.o.j.LocalContainerEntityManagerFactoryBean - Closing JPA EntityManagerFactory for persistence unit 'default'
2023-02-26 16:37:25 [SpringApplicationShutdownHook] INFO  com.zaxxer.hikari.HikariDataSource - HikariPool-1 - Shutdown initiated...
2023-02-26 16:37:25 [SpringApplicationShutdownHook] INFO  com.zaxxer.hikari.HikariDataSource - HikariPool-1 - Shutdown completed.
2023-02-26 16:37:25 [SpringApplicationShutdownHook] INFO  c.netflix.discovery.DiscoveryClient - Shutting down DiscoveryClient ...
2023-02-26 16:37:28 [SpringApplicationShutdownHook] INFO  c.netflix.discovery.DiscoveryClient - Unregistering ...
2023-02-26 16:37:28 [SpringApplicationShutdownHook] INFO  c.netflix.discovery.DiscoveryClient - DiscoveryClient_FORUM-SERVICE/192.168.0.4:forum-service:8085 - deregister  status: 200
2023-02-26 16:37:28 [SpringApplicationShutdownHook] INFO  c.netflix.discovery.DiscoveryClient - Completed shut down of DiscoveryClient
2023-02-26 16:37:55 [main] INFO  tn.esprit.springfever.ForumService - Starting ForumService using Java 17.0.6 on kali with PID 190110 (/home/ahmed/P-Dev/welcome-to-esprit/forum-service/target/classes started by ahmed in /home/ahmed/P-Dev/welcome-to-esprit)
2023-02-26 16:37:55 [main] DEBUG tn.esprit.springfever.ForumService - Running with Spring Boot v2.7.3, Spring v5.3.22
2023-02-26 16:37:55 [main] INFO  tn.esprit.springfever.ForumService - No active profile set, falling back to 1 default profile: "default"
2023-02-26 16:37:56 [main] INFO  o.s.d.r.c.RepositoryConfigurationDelegate - Multiple Spring Data modules found, entering strict repository configuration mode
2023-02-26 16:37:56 [main] INFO  o.s.d.r.c.RepositoryConfigurationDelegate - Bootstrapping Spring Data JPA repositories in DEFAULT mode.
2023-02-26 16:37:56 [main] INFO  o.s.d.r.c.RepositoryConfigurationDelegate - Finished Spring Data repository scanning in 97 ms. Found 16 JPA repository interfaces.
2023-02-26 16:37:56 [main] INFO  o.s.d.r.c.RepositoryConfigurationDelegate - Multiple Spring Data modules found, entering strict repository configuration mode
2023-02-26 16:37:56 [main] INFO  o.s.d.r.c.RepositoryConfigurationDelegate - Bootstrapping Spring Data Redis repositories in DEFAULT mode.
2023-02-26 16:37:56 [main] INFO  o.s.d.r.c.RepositoryConfigurationExtensionSupport - Spring Data Redis - Could not safely identify store assignment for repository candidate interface tn.esprit.springfever.repositories.AdMediaRepository; If you want this repository to be a Redis repository, consider annotating your entities with one of these annotations: org.springframework.data.redis.core.RedisHash (preferred), or consider extending one of the following types with your repository: org.springframework.data.keyvalue.repository.KeyValueRepository
2023-02-26 16:37:56 [main] INFO  o.s.d.r.c.RepositoryConfigurationExtensionSupport - Spring Data Redis - Could not safely identify store assignment for repository candidate interface tn.esprit.springfever.repositories.AdPagingRepository; If you want this repository to be a Redis repository, consider annotating your entities with one of these annotations: org.springframework.data.redis.core.RedisHash (preferred), or consider extending one of the following types with your repository: org.springframework.data.keyvalue.repository.KeyValueRepository
2023-02-26 16:37:56 [main] INFO  o.s.d.r.c.RepositoryConfigurationExtensionSupport - Spring Data Redis - Could not safely identify store assignment for repository candidate interface tn.esprit.springfever.repositories.AdRepository; If you want this repository to be a Redis repository, consider annotating your entities with one of these annotations: org.springframework.data.redis.core.RedisHash (preferred), or consider extending one of the following types with your repository: org.springframework.data.keyvalue.repository.KeyValueRepository
2023-02-26 16:37:56 [main] INFO  o.s.d.r.c.RepositoryConfigurationExtensionSupport - Spring Data Redis - Could not safely identify store assignment for repository candidate interface tn.esprit.springfever.repositories.AdViewsRepository; If you want this repository to be a Redis repository, consider annotating your entities with one of these annotations: org.springframework.data.redis.core.RedisHash (preferred), or consider extending one of the following types with your repository: org.springframework.data.keyvalue.repository.KeyValueRepository
2023-02-26 16:37:56 [main] INFO  o.s.d.r.c.RepositoryConfigurationExtensionSupport - Spring Data Redis - Could not safely identify store assignment for repository candidate interface tn.esprit.springfever.repositories.CommentLikeRepository; If you want this repository to be a Redis repository, consider annotating your entities with one of these annotations: org.springframework.data.redis.core.RedisHash (preferred), or consider extending one of the following types with your repository: org.springframework.data.keyvalue.repository.KeyValueRepository
2023-02-26 16:37:56 [main] INFO  o.s.d.r.c.RepositoryConfigurationExtensionSupport - Spring Data Redis - Could not safely identify store assignment for repository candidate interface tn.esprit.springfever.repositories.CommentMediaRepository; If you want this repository to be a Redis repository, consider annotating your entities with one of these annotations: org.springframework.data.redis.core.RedisHash (preferred), or consider extending one of the following types with your repository: org.springframework.data.keyvalue.repository.KeyValueRepository
2023-02-26 16:37:56 [main] INFO  o.s.d.r.c.RepositoryConfigurationExtensionSupport - Spring Data Redis - Could not safely identify store assignment for repository candidate interface tn.esprit.springfever.repositories.CommentPagingRepository; If you want this repository to be a Redis repository, consider annotating your entities with one of these annotations: org.springframework.data.redis.core.RedisHash (preferred), or consider extending one of the following types with your repository: org.springframework.data.keyvalue.repository.KeyValueRepository
2023-02-26 16:37:56 [main] INFO  o.s.d.r.c.RepositoryConfigurationExtensionSupport - Spring Data Redis - Could not safely identify store assignment for repository candidate interface tn.esprit.springfever.repositories.CommentRepository; If you want this repository to be a Redis repository, consider annotating your entities with one of these annotations: org.springframework.data.redis.core.RedisHash (preferred), or consider extending one of the following types with your repository: org.springframework.data.keyvalue.repository.KeyValueRepository
2023-02-26 16:37:56 [main] INFO  o.s.d.r.c.RepositoryConfigurationExtensionSupport - Spring Data Redis - Could not safely identify store assignment for repository candidate interface tn.esprit.springfever.repositories.InterestRepository; If you want this repository to be a Redis repository, consider annotating your entities with one of these annotations: org.springframework.data.redis.core.RedisHash (preferred), or consider extending one of the following types with your repository: org.springframework.data.keyvalue.repository.KeyValueRepository
2023-02-26 16:37:56 [main] INFO  o.s.d.r.c.RepositoryConfigurationExtensionSupport - Spring Data Redis - Could not safely identify store assignment for repository candidate interface tn.esprit.springfever.repositories.MessageRepository; If you want this repository to be a Redis repository, consider annotating your entities with one of these annotations: org.springframework.data.redis.core.RedisHash (preferred), or consider extending one of the following types with your repository: org.springframework.data.keyvalue.repository.KeyValueRepository
2023-02-26 16:37:56 [main] INFO  o.s.d.r.c.RepositoryConfigurationExtensionSupport - Spring Data Redis - Could not safely identify store assignment for repository candidate interface tn.esprit.springfever.repositories.PostLikeRepository; If you want this repository to be a Redis repository, consider annotating your entities with one of these annotations: org.springframework.data.redis.core.RedisHash (preferred), or consider extending one of the following types with your repository: org.springframework.data.keyvalue.repository.KeyValueRepository
2023-02-26 16:37:56 [main] INFO  o.s.d.r.c.RepositoryConfigurationExtensionSupport - Spring Data Redis - Could not safely identify store assignment for repository candidate interface tn.esprit.springfever.repositories.PostMediaRepository; If you want this repository to be a Redis repository, consider annotating your entities with one of these annotations: org.springframework.data.redis.core.RedisHash (preferred), or consider extending one of the following types with your repository: org.springframework.data.keyvalue.repository.KeyValueRepository
2023-02-26 16:37:56 [main] INFO  o.s.d.r.c.RepositoryConfigurationExtensionSupport - Spring Data Redis - Could not safely identify store assignment for repository candidate interface tn.esprit.springfever.repositories.PostPagingRepository; If you want this repository to be a Redis repository, consider annotating your entities with one of these annotations: org.springframework.data.redis.core.RedisHash (preferred), or consider extending one of the following types with your repository: org.springframework.data.keyvalue.repository.KeyValueRepository
2023-02-26 16:37:56 [main] INFO  o.s.d.r.c.RepositoryConfigurationExtensionSupport - Spring Data Redis - Could not safely identify store assignment for repository candidate interface tn.esprit.springfever.repositories.PostRepository; If you want this repository to be a Redis repository, consider annotating your entities with one of these annotations: org.springframework.data.redis.core.RedisHash (preferred), or consider extending one of the following types with your repository: org.springframework.data.keyvalue.repository.KeyValueRepository
2023-02-26 16:37:56 [main] INFO  o.s.d.r.c.RepositoryConfigurationExtensionSupport - Spring Data Redis - Could not safely identify store assignment for repository candidate interface tn.esprit.springfever.repositories.PostViewsRepository; If you want this repository to be a Redis repository, consider annotating your entities with one of these annotations: org.springframework.data.redis.core.RedisHash (preferred), or consider extending one of the following types with your repository: org.springframework.data.keyvalue.repository.KeyValueRepository
2023-02-26 16:37:56 [main] INFO  o.s.d.r.c.RepositoryConfigurationExtensionSupport - Spring Data Redis - Could not safely identify store assignment for repository candidate interface tn.esprit.springfever.repositories.ReactionRepository; If you want this repository to be a Redis repository, consider annotating your entities with one of these annotations: org.springframework.data.redis.core.RedisHash (preferred), or consider extending one of the following types with your repository: org.springframework.data.keyvalue.repository.KeyValueRepository
2023-02-26 16:37:56 [main] INFO  o.s.d.r.c.RepositoryConfigurationDelegate - Finished Spring Data repository scanning in 6 ms. Found 0 Redis repository interfaces.
2023-02-26 16:37:56 [main] INFO  o.s.cloud.context.scope.GenericScope - BeanFactory id=1e62b40c-c921-33ea-998b-b4efe4cc18b0
2023-02-26 16:37:56 [main] INFO  o.s.c.s.PostProcessorRegistrationDelegate$BeanPostProcessorChecker - Bean 'org.springframework.ws.config.annotation.DelegatingWsConfiguration' of type [org.springframework.ws.config.annotation.DelegatingWsConfiguration$$EnhancerBySpringCGLIB$$f4735851] is not eligible for getting processed by all BeanPostProcessors (for example: not eligible for auto-proxying)
2023-02-26 16:37:56 [main] INFO  o.s.w.s.a.s.AnnotationActionEndpointMapping - Supporting [WS-Addressing August 2004, WS-Addressing 1.0]
2023-02-26 16:37:56 [main] INFO  o.s.c.s.PostProcessorRegistrationDelegate$BeanPostProcessorChecker - Bean 'org.springframework.cloud.client.loadbalancer.reactive.LoadBalancerBeanPostProcessorAutoConfiguration' of type [org.springframework.cloud.client.loadbalancer.reactive.LoadBalancerBeanPostProcessorAutoConfiguration] is not eligible for getting processed by all BeanPostProcessors (for example: not eligible for auto-proxying)
2023-02-26 16:37:56 [main] INFO  o.s.c.s.PostProcessorRegistrationDelegate$BeanPostProcessorChecker - Bean 'org.springframework.cloud.client.loadbalancer.reactive.LoadBalancerBeanPostProcessorAutoConfiguration$ReactorDeferringLoadBalancerFilterConfig' of type [org.springframework.cloud.client.loadbalancer.reactive.LoadBalancerBeanPostProcessorAutoConfiguration$ReactorDeferringLoadBalancerFilterConfig] is not eligible for getting processed by all BeanPostProcessors (for example: not eligible for auto-proxying)
2023-02-26 16:37:56 [main] INFO  o.s.c.s.PostProcessorRegistrationDelegate$BeanPostProcessorChecker - Bean 'reactorDeferringLoadBalancerExchangeFilterFunction' of type [org.springframework.cloud.client.loadbalancer.reactive.DeferringLoadBalancerExchangeFilterFunction] is not eligible for getting processed by all BeanPostProcessors (for example: not eligible for auto-proxying)
2023-02-26 16:37:57 [main] INFO  o.s.b.w.e.tomcat.TomcatWebServer - Tomcat initialized with port(s): 8085 (http)
2023-02-26 16:37:57 [main] INFO  o.a.coyote.http11.Http11NioProtocol - Initializing ProtocolHandler ["http-nio-8085"]
2023-02-26 16:37:57 [main] INFO  o.a.catalina.core.StandardService - Starting service [Tomcat]
2023-02-26 16:37:57 [main] INFO  o.a.catalina.core.StandardEngine - Starting Servlet engine: [Apache Tomcat/9.0.65]
2023-02-26 16:37:57 [main] INFO  o.a.c.c.C.[.[localhost].[/forum] - Initializing Spring embedded WebApplicationContext
2023-02-26 16:37:57 [main] INFO  o.s.b.w.s.c.ServletWebServerApplicationContext - Root WebApplicationContext: initialization completed in 1111 ms
2023-02-26 16:37:57 [main] INFO  com.zaxxer.hikari.HikariDataSource - HikariPool-1 - Starting...
2023-02-26 16:37:57 [main] WARN  c.z.hikari.util.DriverDataSource - Registered driver with driverClassName=com.mysql.jdbc.Driver was not found, trying direct instantiation.
2023-02-26 16:37:57 [main] INFO  com.zaxxer.hikari.HikariDataSource - HikariPool-1 - Start completed.
2023-02-26 16:37:57 [main] INFO  o.s.o.j.LocalContainerEntityManagerFactoryBean - Initialized JPA EntityManagerFactory for persistence unit 'default'
2023-02-26 16:37:58 [main] WARN  o.s.b.a.o.j.JpaBaseConfiguration$JpaWebConfiguration - spring.jpa.open-in-view is enabled by default. Therefore, database queries may be performed during view rendering. Explicitly configure spring.jpa.open-in-view to disable this warning
2023-02-26 16:37:58 [main] WARN  o.s.b.a.s.s.UserDetailsServiceAutoConfiguration - 

Using generated security password: 1bc274e4-135a-4892-9628-bf64705dade4

This generated password is for development use only. Your security configuration must be updated before running your application in production.

2023-02-26 16:37:58 [main] INFO  o.s.s.web.DefaultSecurityFilterChain - Will secure any request with [org.springframework.security.web.session.DisableEncodeUrlFilter@4d65fbad, org.springframework.security.web.context.request.async.WebAsyncManagerIntegrationFilter@55fc6344, org.springframework.security.web.context.SecurityContextPersistenceFilter@5f67ff3e, org.springframework.security.web.header.HeaderWriterFilter@3db48e6, org.springframework.security.web.authentication.logout.LogoutFilter@1391d95f, org.springframework.security.web.savedrequest.RequestCacheAwareFilter@4ac1544f, org.springframework.security.web.servletapi.SecurityContextHolderAwareRequestFilter@fd8513b, org.springframework.security.web.authentication.AnonymousAuthenticationFilter@2df0a4c3, org.springframework.security.web.session.SessionManagementFilter@36b86248, org.springframework.security.web.access.ExceptionTranslationFilter@20a533b, org.springframework.security.web.access.intercept.FilterSecurityInterceptor@520034a]
2023-02-26 16:37:59 [main] WARN  o.s.b.a.f.FreeMarkerAutoConfiguration - Cannot find template location(s): [classpath:/templates/] (please add some templates, check your FreeMarker configuration, or set spring.freemarker.checkTemplateLocation=false)
2023-02-26 16:37:59 [main] INFO  o.s.c.n.e.c.DiscoveryClientOptionalArgsConfiguration - Eureka HTTP Client uses RestTemplate.
2023-02-26 16:38:00 [main] WARN  o.s.c.l.c.LoadBalancerCacheAutoConfiguration$LoadBalancerCaffeineWarnLogger - Spring Cloud LoadBalancer is currently working with the default cache. While this cache implementation is useful for development and tests, it's recommended to use Caffeine cache in production.You can switch to using Caffeine cache, by adding it and org.springframework.cache.caffeine.CaffeineCacheManager to the classpath.
2023-02-26 16:38:00 [main] INFO  o.s.c.n.eureka.InstanceInfoFactory - Setting initial instance status as: STARTING
2023-02-26 16:38:00 [main] INFO  c.netflix.discovery.DiscoveryClient - Initializing Eureka in region us-east-1
2023-02-26 16:38:00 [main] INFO  c.n.d.s.r.aws.ConfigClusterResolver - Resolving eureka endpoints via configuration
2023-02-26 16:38:00 [main] INFO  c.netflix.discovery.DiscoveryClient - Disable delta property : false
2023-02-26 16:38:00 [main] INFO  c.netflix.discovery.DiscoveryClient - Single vip registry refresh property : null
2023-02-26 16:38:00 [main] INFO  c.netflix.discovery.DiscoveryClient - Force full registry fetch : false
2023-02-26 16:38:00 [main] INFO  c.netflix.discovery.DiscoveryClient - Application is null : false
2023-02-26 16:38:00 [main] INFO  c.netflix.discovery.DiscoveryClient - Registered Applications size is zero : true
2023-02-26 16:38:00 [main] INFO  c.netflix.discovery.DiscoveryClient - Application version is -1: true
2023-02-26 16:38:00 [main] INFO  c.netflix.discovery.DiscoveryClient - Getting all instance registry info from the eureka server
2023-02-26 16:38:00 [main] INFO  c.netflix.discovery.DiscoveryClient - The response status is 200
2023-02-26 16:38:00 [main] INFO  c.netflix.discovery.DiscoveryClient - Starting heartbeat executor: renew interval is: 30
2023-02-26 16:38:00 [main] INFO  c.n.discovery.InstanceInfoReplicator - InstanceInfoReplicator onDemand update allowed rate per min is 4
2023-02-26 16:38:00 [main] INFO  c.netflix.discovery.DiscoveryClient - Discovery Client initialized at timestamp 1677425880498 with initial instances count: 3
2023-02-26 16:38:00 [main] INFO  o.s.c.n.e.s.EurekaServiceRegistry - Registering application FORUM-SERVICE with eureka with status UP
2023-02-26 16:38:00 [main] INFO  c.netflix.discovery.DiscoveryClient - Saw local status change event StatusChangeEvent [timestamp=1677425880501, current=UP, previous=STARTING]
2023-02-26 16:38:00 [DiscoveryClient-InstanceInfoReplicator-0] INFO  c.netflix.discovery.DiscoveryClient - DiscoveryClient_FORUM-SERVICE/192.168.0.4:forum-service:8085: registering service...
2023-02-26 16:38:00 [main] INFO  o.a.coyote.http11.Http11NioProtocol - Starting ProtocolHandler ["http-nio-8085"]
2023-02-26 16:38:00 [main] INFO  o.s.b.w.e.tomcat.TomcatWebServer - Tomcat started on port(s): 8085 (http) with context path '/forum'
2023-02-26 16:38:00 [main] INFO  o.s.c.n.e.s.EurekaAutoServiceRegistration - Updating port to 8085
2023-02-26 16:38:00 [DiscoveryClient-InstanceInfoReplicator-0] INFO  c.netflix.discovery.DiscoveryClient - DiscoveryClient_FORUM-SERVICE/192.168.0.4:forum-service:8085 - registration status: 204
2023-02-26 16:38:00 [main] INFO  tn.esprit.springfever.ForumService - Started ForumService in 5.182 seconds (JVM running for 5.548)
2023-02-26 16:38:06 [http-nio-8085-exec-1] INFO  o.a.c.c.C.[.[localhost].[/forum] - Initializing Spring DispatcherServlet 'dispatcherServlet'
2023-02-26 16:38:06 [http-nio-8085-exec-1] INFO  o.s.web.servlet.DispatcherServlet - Initializing Servlet 'dispatcherServlet'
2023-02-26 16:38:06 [http-nio-8085-exec-1] INFO  o.s.web.servlet.DispatcherServlet - Completed initialization in 2 ms
2023-02-26 16:38:06 [http-nio-8085-exec-1] INFO  o.s.a.r.c.CachingConnectionFactory - Attempting to connect to: localhost:5672
2023-02-26 16:38:06 [http-nio-8085-exec-1] INFO  o.s.a.r.c.CachingConnectionFactory - Created new connection: connectionFactory#7d31fb6c:0/SimpleConnection@21950115 [delegate=amqp://rabbitmq@127.0.0.1:5672/, localPort= 46928]
2023-02-26 16:38:06 [http-nio-8085-exec-1] INFO  o.s.amqp.rabbit.core.RabbitAdmin - Auto-declaring a non-durable, auto-delete, or exclusive Queue (response_queue) durable:false, auto-delete:false, exclusive:false. It will be redeclared if the broker stops and is restarted while the connection factory is alive, but all messages will be lost.
2023-02-26 16:38:06 [http-nio-8085-exec-1] INFO  o.s.a.r.l.DirectReplyToMessageListenerContainer - Container initialized for queues: [amq.rabbitmq.reply-to]
2023-02-26 16:38:06 [http-nio-8085-exec-1] INFO  o.s.a.r.l.DirectReplyToMessageListenerContainer - SimpleConsumer [queue=amq.rabbitmq.reply-to, index=0, consumerTag=amq.ctag-SLyhRKKIWkrGbb5zOE3ZSg identity=3de1de2e] started
2023-02-26 16:38:06 [http-nio-8085-exec-1] WARN  t.e.s.s.implementations.UserService - ROLE_USER
2023-02-26 16:38:06 [http-nio-8085-exec-1] WARN  t.e.s.s.implementations.UserService - ROLE_USER
2023-02-26 16:38:06 [http-nio-8085-exec-1] WARN  t.e.s.s.implementations.UserService - ROLE_USER
2023-02-26 16:38:07 [http-nio-8085-exec-1] WARN  t.e.s.s.implementations.UserService - ROLE_USER
2023-02-26 16:38:07 [http-nio-8085-exec-1] WARN  t.e.s.s.implementations.UserService - ROLE_USER
2023-02-26 16:38:07 [http-nio-8085-exec-1] WARN  t.e.s.s.implementations.UserService - ROLE_USER
2023-02-26 16:38:07 [http-nio-8085-exec-1] WARN  t.e.s.s.implementations.UserService - ROLE_USER
2023-02-26 16:38:07 [http-nio-8085-exec-1] WARN  t.e.s.s.implementations.UserService - ROLE_USER
2023-02-26 16:38:07 [http-nio-8085-exec-1] WARN  t.e.s.s.implementations.UserService - ROLE_USER
2023-02-26 16:38:08 [http-nio-8085-exec-1] WARN  t.e.s.s.implementations.UserService - ROLE_USER
2023-02-26 16:38:08 [http-nio-8085-exec-1] WARN  t.e.s.s.implementations.UserService - ROLE_USER
2023-02-26 16:38:08 [http-nio-8085-exec-1] WARN  t.e.s.s.implementations.UserService - ROLE_USER
2023-02-26 16:42:24 [SpringApplicationShutdownHook] INFO  o.s.c.n.e.s.EurekaServiceRegistry - Unregistering application FORUM-SERVICE with eureka with status DOWN
2023-02-26 16:42:24 [SpringApplicationShutdownHook] INFO  c.netflix.discovery.DiscoveryClient - Saw local status change event StatusChangeEvent [timestamp=1677426144152, current=DOWN, previous=UP]
2023-02-26 16:42:24 [DiscoveryClient-InstanceInfoReplicator-0] INFO  c.netflix.discovery.DiscoveryClient - DiscoveryClient_FORUM-SERVICE/192.168.0.4:forum-service:8085: registering service...
2023-02-26 16:42:24 [DiscoveryClient-InstanceInfoReplicator-0] INFO  c.netflix.discovery.DiscoveryClient - DiscoveryClient_FORUM-SERVICE/192.168.0.4:forum-service:8085 - registration status: 204
2023-02-26 16:42:24 [SpringApplicationShutdownHook] INFO  o.s.a.r.l.DirectReplyToMessageListenerContainer - Successfully waited for consumers to finish.
2023-02-26 16:42:24 [SpringApplicationShutdownHook] INFO  o.s.o.j.LocalContainerEntityManagerFactoryBean - Closing JPA EntityManagerFactory for persistence unit 'default'
2023-02-26 16:42:24 [SpringApplicationShutdownHook] INFO  com.zaxxer.hikari.HikariDataSource - HikariPool-1 - Shutdown initiated...
2023-02-26 16:42:24 [SpringApplicationShutdownHook] INFO  com.zaxxer.hikari.HikariDataSource - HikariPool-1 - Shutdown completed.
2023-02-26 16:42:24 [SpringApplicationShutdownHook] INFO  c.netflix.discovery.DiscoveryClient - Shutting down DiscoveryClient ...
2023-02-26 16:42:27 [SpringApplicationShutdownHook] INFO  c.netflix.discovery.DiscoveryClient - Unregistering ...
2023-02-26 16:42:27 [SpringApplicationShutdownHook] INFO  c.netflix.discovery.DiscoveryClient - DiscoveryClient_FORUM-SERVICE/192.168.0.4:forum-service:8085 - deregister  status: 200
2023-02-26 16:42:27 [SpringApplicationShutdownHook] INFO  c.netflix.discovery.DiscoveryClient - Completed shut down of DiscoveryClient
2023-02-26 16:42:30 [main] INFO  tn.esprit.springfever.ForumService - Starting ForumService using Java 17.0.6 on kali with PID 192912 (/home/ahmed/P-Dev/welcome-to-esprit/forum-service/target/classes started by ahmed in /home/ahmed/P-Dev/welcome-to-esprit)
2023-02-26 16:42:30 [main] DEBUG tn.esprit.springfever.ForumService - Running with Spring Boot v2.7.3, Spring v5.3.22
2023-02-26 16:42:30 [main] INFO  tn.esprit.springfever.ForumService - No active profile set, falling back to 1 default profile: "default"
2023-02-26 16:42:30 [main] INFO  o.s.d.r.c.RepositoryConfigurationDelegate - Multiple Spring Data modules found, entering strict repository configuration mode
2023-02-26 16:42:30 [main] INFO  o.s.d.r.c.RepositoryConfigurationDelegate - Bootstrapping Spring Data JPA repositories in DEFAULT mode.
2023-02-26 16:42:30 [main] INFO  o.s.d.r.c.RepositoryConfigurationDelegate - Finished Spring Data repository scanning in 108 ms. Found 16 JPA repository interfaces.
2023-02-26 16:42:30 [main] INFO  o.s.d.r.c.RepositoryConfigurationDelegate - Multiple Spring Data modules found, entering strict repository configuration mode
2023-02-26 16:42:30 [main] INFO  o.s.d.r.c.RepositoryConfigurationDelegate - Bootstrapping Spring Data Redis repositories in DEFAULT mode.
2023-02-26 16:42:30 [main] INFO  o.s.d.r.c.RepositoryConfigurationExtensionSupport - Spring Data Redis - Could not safely identify store assignment for repository candidate interface tn.esprit.springfever.repositories.AdMediaRepository; If you want this repository to be a Redis repository, consider annotating your entities with one of these annotations: org.springframework.data.redis.core.RedisHash (preferred), or consider extending one of the following types with your repository: org.springframework.data.keyvalue.repository.KeyValueRepository
2023-02-26 16:42:30 [main] INFO  o.s.d.r.c.RepositoryConfigurationExtensionSupport - Spring Data Redis - Could not safely identify store assignment for repository candidate interface tn.esprit.springfever.repositories.AdPagingRepository; If you want this repository to be a Redis repository, consider annotating your entities with one of these annotations: org.springframework.data.redis.core.RedisHash (preferred), or consider extending one of the following types with your repository: org.springframework.data.keyvalue.repository.KeyValueRepository
2023-02-26 16:42:30 [main] INFO  o.s.d.r.c.RepositoryConfigurationExtensionSupport - Spring Data Redis - Could not safely identify store assignment for repository candidate interface tn.esprit.springfever.repositories.AdRepository; If you want this repository to be a Redis repository, consider annotating your entities with one of these annotations: org.springframework.data.redis.core.RedisHash (preferred), or consider extending one of the following types with your repository: org.springframework.data.keyvalue.repository.KeyValueRepository
2023-02-26 16:42:30 [main] INFO  o.s.d.r.c.RepositoryConfigurationExtensionSupport - Spring Data Redis - Could not safely identify store assignment for repository candidate interface tn.esprit.springfever.repositories.AdViewsRepository; If you want this repository to be a Redis repository, consider annotating your entities with one of these annotations: org.springframework.data.redis.core.RedisHash (preferred), or consider extending one of the following types with your repository: org.springframework.data.keyvalue.repository.KeyValueRepository
2023-02-26 16:42:30 [main] INFO  o.s.d.r.c.RepositoryConfigurationExtensionSupport - Spring Data Redis - Could not safely identify store assignment for repository candidate interface tn.esprit.springfever.repositories.CommentLikeRepository; If you want this repository to be a Redis repository, consider annotating your entities with one of these annotations: org.springframework.data.redis.core.RedisHash (preferred), or consider extending one of the following types with your repository: org.springframework.data.keyvalue.repository.KeyValueRepository
2023-02-26 16:42:30 [main] INFO  o.s.d.r.c.RepositoryConfigurationExtensionSupport - Spring Data Redis - Could not safely identify store assignment for repository candidate interface tn.esprit.springfever.repositories.CommentMediaRepository; If you want this repository to be a Redis repository, consider annotating your entities with one of these annotations: org.springframework.data.redis.core.RedisHash (preferred), or consider extending one of the following types with your repository: org.springframework.data.keyvalue.repository.KeyValueRepository
2023-02-26 16:42:30 [main] INFO  o.s.d.r.c.RepositoryConfigurationExtensionSupport - Spring Data Redis - Could not safely identify store assignment for repository candidate interface tn.esprit.springfever.repositories.CommentPagingRepository; If you want this repository to be a Redis repository, consider annotating your entities with one of these annotations: org.springframework.data.redis.core.RedisHash (preferred), or consider extending one of the following types with your repository: org.springframework.data.keyvalue.repository.KeyValueRepository
2023-02-26 16:42:30 [main] INFO  o.s.d.r.c.RepositoryConfigurationExtensionSupport - Spring Data Redis - Could not safely identify store assignment for repository candidate interface tn.esprit.springfever.repositories.CommentRepository; If you want this repository to be a Redis repository, consider annotating your entities with one of these annotations: org.springframework.data.redis.core.RedisHash (preferred), or consider extending one of the following types with your repository: org.springframework.data.keyvalue.repository.KeyValueRepository
2023-02-26 16:42:30 [main] INFO  o.s.d.r.c.RepositoryConfigurationExtensionSupport - Spring Data Redis - Could not safely identify store assignment for repository candidate interface tn.esprit.springfever.repositories.InterestRepository; If you want this repository to be a Redis repository, consider annotating your entities with one of these annotations: org.springframework.data.redis.core.RedisHash (preferred), or consider extending one of the following types with your repository: org.springframework.data.keyvalue.repository.KeyValueRepository
2023-02-26 16:42:30 [main] INFO  o.s.d.r.c.RepositoryConfigurationExtensionSupport - Spring Data Redis - Could not safely identify store assignment for repository candidate interface tn.esprit.springfever.repositories.MessageRepository; If you want this repository to be a Redis repository, consider annotating your entities with one of these annotations: org.springframework.data.redis.core.RedisHash (preferred), or consider extending one of the following types with your repository: org.springframework.data.keyvalue.repository.KeyValueRepository
2023-02-26 16:42:30 [main] INFO  o.s.d.r.c.RepositoryConfigurationExtensionSupport - Spring Data Redis - Could not safely identify store assignment for repository candidate interface tn.esprit.springfever.repositories.PostLikeRepository; If you want this repository to be a Redis repository, consider annotating your entities with one of these annotations: org.springframework.data.redis.core.RedisHash (preferred), or consider extending one of the following types with your repository: org.springframework.data.keyvalue.repository.KeyValueRepository
2023-02-26 16:42:30 [main] INFO  o.s.d.r.c.RepositoryConfigurationExtensionSupport - Spring Data Redis - Could not safely identify store assignment for repository candidate interface tn.esprit.springfever.repositories.PostMediaRepository; If you want this repository to be a Redis repository, consider annotating your entities with one of these annotations: org.springframework.data.redis.core.RedisHash (preferred), or consider extending one of the following types with your repository: org.springframework.data.keyvalue.repository.KeyValueRepository
2023-02-26 16:42:30 [main] INFO  o.s.d.r.c.RepositoryConfigurationExtensionSupport - Spring Data Redis - Could not safely identify store assignment for repository candidate interface tn.esprit.springfever.repositories.PostPagingRepository; If you want this repository to be a Redis repository, consider annotating your entities with one of these annotations: org.springframework.data.redis.core.RedisHash (preferred), or consider extending one of the following types with your repository: org.springframework.data.keyvalue.repository.KeyValueRepository
2023-02-26 16:42:30 [main] INFO  o.s.d.r.c.RepositoryConfigurationExtensionSupport - Spring Data Redis - Could not safely identify store assignment for repository candidate interface tn.esprit.springfever.repositories.PostRepository; If you want this repository to be a Redis repository, consider annotating your entities with one of these annotations: org.springframework.data.redis.core.RedisHash (preferred), or consider extending one of the following types with your repository: org.springframework.data.keyvalue.repository.KeyValueRepository
2023-02-26 16:42:30 [main] INFO  o.s.d.r.c.RepositoryConfigurationExtensionSupport - Spring Data Redis - Could not safely identify store assignment for repository candidate interface tn.esprit.springfever.repositories.PostViewsRepository; If you want this repository to be a Redis repository, consider annotating your entities with one of these annotations: org.springframework.data.redis.core.RedisHash (preferred), or consider extending one of the following types with your repository: org.springframework.data.keyvalue.repository.KeyValueRepository
2023-02-26 16:42:30 [main] INFO  o.s.d.r.c.RepositoryConfigurationExtensionSupport - Spring Data Redis - Could not safely identify store assignment for repository candidate interface tn.esprit.springfever.repositories.ReactionRepository; If you want this repository to be a Redis repository, consider annotating your entities with one of these annotations: org.springframework.data.redis.core.RedisHash (preferred), or consider extending one of the following types with your repository: org.springframework.data.keyvalue.repository.KeyValueRepository
2023-02-26 16:42:30 [main] INFO  o.s.d.r.c.RepositoryConfigurationDelegate - Finished Spring Data repository scanning in 6 ms. Found 0 Redis repository interfaces.
2023-02-26 16:42:30 [main] INFO  o.s.cloud.context.scope.GenericScope - BeanFactory id=1e62b40c-c921-33ea-998b-b4efe4cc18b0
2023-02-26 16:42:30 [main] INFO  o.s.c.s.PostProcessorRegistrationDelegate$BeanPostProcessorChecker - Bean 'org.springframework.ws.config.annotation.DelegatingWsConfiguration' of type [org.springframework.ws.config.annotation.DelegatingWsConfiguration$$EnhancerBySpringCGLIB$$10d43b70] is not eligible for getting processed by all BeanPostProcessors (for example: not eligible for auto-proxying)
2023-02-26 16:42:30 [main] INFO  o.s.w.s.a.s.AnnotationActionEndpointMapping - Supporting [WS-Addressing August 2004, WS-Addressing 1.0]
2023-02-26 16:42:30 [main] INFO  o.s.c.s.PostProcessorRegistrationDelegate$BeanPostProcessorChecker - Bean 'org.springframework.cloud.client.loadbalancer.reactive.LoadBalancerBeanPostProcessorAutoConfiguration' of type [org.springframework.cloud.client.loadbalancer.reactive.LoadBalancerBeanPostProcessorAutoConfiguration] is not eligible for getting processed by all BeanPostProcessors (for example: not eligible for auto-proxying)
2023-02-26 16:42:30 [main] INFO  o.s.c.s.PostProcessorRegistrationDelegate$BeanPostProcessorChecker - Bean 'org.springframework.cloud.client.loadbalancer.reactive.LoadBalancerBeanPostProcessorAutoConfiguration$ReactorDeferringLoadBalancerFilterConfig' of type [org.springframework.cloud.client.loadbalancer.reactive.LoadBalancerBeanPostProcessorAutoConfiguration$ReactorDeferringLoadBalancerFilterConfig] is not eligible for getting processed by all BeanPostProcessors (for example: not eligible for auto-proxying)
2023-02-26 16:42:30 [main] INFO  o.s.c.s.PostProcessorRegistrationDelegate$BeanPostProcessorChecker - Bean 'reactorDeferringLoadBalancerExchangeFilterFunction' of type [org.springframework.cloud.client.loadbalancer.reactive.DeferringLoadBalancerExchangeFilterFunction] is not eligible for getting processed by all BeanPostProcessors (for example: not eligible for auto-proxying)
2023-02-26 16:42:31 [main] INFO  o.s.b.w.e.tomcat.TomcatWebServer - Tomcat initialized with port(s): 8085 (http)
2023-02-26 16:42:31 [main] INFO  o.a.coyote.http11.Http11NioProtocol - Initializing ProtocolHandler ["http-nio-8085"]
2023-02-26 16:42:31 [main] INFO  o.a.catalina.core.StandardService - Starting service [Tomcat]
2023-02-26 16:42:31 [main] INFO  o.a.catalina.core.StandardEngine - Starting Servlet engine: [Apache Tomcat/9.0.65]
2023-02-26 16:42:31 [main] INFO  o.a.c.c.C.[.[localhost].[/forum] - Initializing Spring embedded WebApplicationContext
2023-02-26 16:42:31 [main] INFO  o.s.b.w.s.c.ServletWebServerApplicationContext - Root WebApplicationContext: initialization completed in 1120 ms
2023-02-26 16:42:31 [main] INFO  com.zaxxer.hikari.HikariDataSource - HikariPool-1 - Starting...
2023-02-26 16:42:31 [main] WARN  c.z.hikari.util.DriverDataSource - Registered driver with driverClassName=com.mysql.jdbc.Driver was not found, trying direct instantiation.
2023-02-26 16:42:31 [main] INFO  com.zaxxer.hikari.HikariDataSource - HikariPool-1 - Start completed.
2023-02-26 16:42:32 [main] INFO  o.s.o.j.LocalContainerEntityManagerFactoryBean - Initialized JPA EntityManagerFactory for persistence unit 'default'
2023-02-26 16:42:32 [main] WARN  o.s.b.a.o.j.JpaBaseConfiguration$JpaWebConfiguration - spring.jpa.open-in-view is enabled by default. Therefore, database queries may be performed during view rendering. Explicitly configure spring.jpa.open-in-view to disable this warning
2023-02-26 16:42:32 [main] WARN  o.s.b.a.s.s.UserDetailsServiceAutoConfiguration - 

Using generated security password: 32f4cd1d-98f6-48f2-a1e5-3db4ddc5f4af

This generated password is for development use only. Your security configuration must be updated before running your application in production.

2023-02-26 16:42:32 [main] INFO  o.s.s.web.DefaultSecurityFilterChain - Will secure any request with [org.springframework.security.web.session.DisableEncodeUrlFilter@6592a73b, org.springframework.security.web.context.request.async.WebAsyncManagerIntegrationFilter@14f11a56, org.springframework.security.web.context.SecurityContextPersistenceFilter@628af295, org.springframework.security.web.header.HeaderWriterFilter@189c6683, org.springframework.security.web.authentication.logout.LogoutFilter@3fc064cb, org.springframework.security.web.savedrequest.RequestCacheAwareFilter@60052518, org.springframework.security.web.servletapi.SecurityContextHolderAwareRequestFilter@5f67ff3e, org.springframework.security.web.authentication.AnonymousAuthenticationFilter@11ce61d1, org.springframework.security.web.session.SessionManagementFilter@7594d189, org.springframework.security.web.access.ExceptionTranslationFilter@51f412e6, org.springframework.security.web.access.intercept.FilterSecurityInterceptor@58c48a23]
2023-02-26 16:42:33 [main] WARN  o.s.b.a.f.FreeMarkerAutoConfiguration - Cannot find template location(s): [classpath:/templates/] (please add some templates, check your FreeMarker configuration, or set spring.freemarker.checkTemplateLocation=false)
2023-02-26 16:42:33 [main] INFO  o.s.c.n.e.c.DiscoveryClientOptionalArgsConfiguration - Eureka HTTP Client uses RestTemplate.
2023-02-26 16:42:34 [main] WARN  o.s.c.l.c.LoadBalancerCacheAutoConfiguration$LoadBalancerCaffeineWarnLogger - Spring Cloud LoadBalancer is currently working with the default cache. While this cache implementation is useful for development and tests, it's recommended to use Caffeine cache in production.You can switch to using Caffeine cache, by adding it and org.springframework.cache.caffeine.CaffeineCacheManager to the classpath.
2023-02-26 16:42:34 [main] INFO  o.s.c.n.eureka.InstanceInfoFactory - Setting initial instance status as: STARTING
2023-02-26 16:42:34 [main] INFO  c.netflix.discovery.DiscoveryClient - Initializing Eureka in region us-east-1
2023-02-26 16:42:34 [main] INFO  c.n.d.s.r.aws.ConfigClusterResolver - Resolving eureka endpoints via configuration
2023-02-26 16:42:34 [main] INFO  c.netflix.discovery.DiscoveryClient - Disable delta property : false
2023-02-26 16:42:34 [main] INFO  c.netflix.discovery.DiscoveryClient - Single vip registry refresh property : null
2023-02-26 16:42:34 [main] INFO  c.netflix.discovery.DiscoveryClient - Force full registry fetch : false
2023-02-26 16:42:34 [main] INFO  c.netflix.discovery.DiscoveryClient - Application is null : false
2023-02-26 16:42:34 [main] INFO  c.netflix.discovery.DiscoveryClient - Registered Applications size is zero : true
2023-02-26 16:42:34 [main] INFO  c.netflix.discovery.DiscoveryClient - Application version is -1: true
2023-02-26 16:42:34 [main] INFO  c.netflix.discovery.DiscoveryClient - Getting all instance registry info from the eureka server
2023-02-26 16:42:34 [main] INFO  c.netflix.discovery.DiscoveryClient - The response status is 200
2023-02-26 16:42:34 [main] INFO  c.netflix.discovery.DiscoveryClient - Starting heartbeat executor: renew interval is: 30
2023-02-26 16:42:34 [main] INFO  c.n.discovery.InstanceInfoReplicator - InstanceInfoReplicator onDemand update allowed rate per min is 4
2023-02-26 16:42:34 [main] INFO  c.netflix.discovery.DiscoveryClient - Discovery Client initialized at timestamp 1677426154374 with initial instances count: 3
2023-02-26 16:42:34 [main] INFO  o.s.c.n.e.s.EurekaServiceRegistry - Registering application FORUM-SERVICE with eureka with status UP
2023-02-26 16:42:34 [main] INFO  c.netflix.discovery.DiscoveryClient - Saw local status change event StatusChangeEvent [timestamp=1677426154377, current=UP, previous=STARTING]
2023-02-26 16:42:34 [DiscoveryClient-InstanceInfoReplicator-0] INFO  c.netflix.discovery.DiscoveryClient - DiscoveryClient_FORUM-SERVICE/192.168.0.4:forum-service:8085: registering service...
2023-02-26 16:42:34 [main] INFO  o.a.coyote.http11.Http11NioProtocol - Starting ProtocolHandler ["http-nio-8085"]
2023-02-26 16:42:34 [main] INFO  o.s.b.w.e.tomcat.TomcatWebServer - Tomcat started on port(s): 8085 (http) with context path '/forum'
2023-02-26 16:42:34 [main] INFO  o.s.c.n.e.s.EurekaAutoServiceRegistration - Updating port to 8085
2023-02-26 16:42:34 [DiscoveryClient-InstanceInfoReplicator-0] INFO  c.netflix.discovery.DiscoveryClient - DiscoveryClient_FORUM-SERVICE/192.168.0.4:forum-service:8085 - registration status: 204
2023-02-26 16:42:34 [main] INFO  tn.esprit.springfever.ForumService - Started ForumService in 4.818 seconds (JVM running for 5.181)
2023-02-26 16:42:41 [http-nio-8085-exec-1] INFO  o.a.c.c.C.[.[localhost].[/forum] - Initializing Spring DispatcherServlet 'dispatcherServlet'
2023-02-26 16:42:41 [http-nio-8085-exec-1] INFO  o.s.web.servlet.DispatcherServlet - Initializing Servlet 'dispatcherServlet'
2023-02-26 16:42:41 [http-nio-8085-exec-1] INFO  o.s.web.servlet.DispatcherServlet - Completed initialization in 1 ms
2023-02-26 16:42:41 [http-nio-8085-exec-1] INFO  o.s.a.r.c.CachingConnectionFactory - Attempting to connect to: localhost:5672
2023-02-26 16:42:42 [http-nio-8085-exec-1] INFO  o.s.a.r.c.CachingConnectionFactory - Created new connection: connectionFactory#cda988:0/SimpleConnection@4e51c704 [delegate=amqp://rabbitmq@127.0.0.1:5672/, localPort= 49368]
2023-02-26 16:42:42 [http-nio-8085-exec-1] INFO  o.s.amqp.rabbit.core.RabbitAdmin - Auto-declaring a non-durable, auto-delete, or exclusive Queue (response_queue) durable:false, auto-delete:false, exclusive:false. It will be redeclared if the broker stops and is restarted while the connection factory is alive, but all messages will be lost.
2023-02-26 16:42:42 [http-nio-8085-exec-1] INFO  o.s.a.r.l.DirectReplyToMessageListenerContainer - Container initialized for queues: [amq.rabbitmq.reply-to]
2023-02-26 16:42:42 [http-nio-8085-exec-1] INFO  o.s.a.r.l.DirectReplyToMessageListenerContainer - SimpleConsumer [queue=amq.rabbitmq.reply-to, index=0, consumerTag=amq.ctag-vHycdCUXrMejBQux1L7DXQ identity=6853305e] started
2023-02-26 16:42:42 [http-nio-8085-exec-1] WARN  t.e.s.s.implementations.UserService - ROLE_USER
2023-02-26 16:42:42 [http-nio-8085-exec-1] WARN  t.e.s.s.implementations.UserService - ROLE_USER
2023-02-26 16:42:42 [http-nio-8085-exec-1] WARN  t.e.s.s.implementations.UserService - ROLE_USER
2023-02-26 16:42:42 [http-nio-8085-exec-1] WARN  t.e.s.s.implementations.UserService - ROLE_USER
2023-02-26 16:42:42 [http-nio-8085-exec-1] WARN  t.e.s.s.implementations.UserService - ROLE_USER
2023-02-26 16:42:42 [http-nio-8085-exec-1] WARN  t.e.s.s.implementations.UserService - ROLE_USER
2023-02-26 16:42:42 [http-nio-8085-exec-1] WARN  t.e.s.s.implementations.UserService - ROLE_USER
2023-02-26 16:42:43 [http-nio-8085-exec-1] WARN  t.e.s.s.implementations.UserService - ROLE_USER
2023-02-26 16:42:43 [http-nio-8085-exec-1] WARN  t.e.s.s.implementations.UserService - ROLE_USER
2023-02-26 16:42:43 [http-nio-8085-exec-1] WARN  t.e.s.s.implementations.UserService - ROLE_USER
2023-02-26 16:42:43 [http-nio-8085-exec-1] WARN  t.e.s.s.implementations.UserService - ROLE_USER
2023-02-26 16:42:43 [http-nio-8085-exec-1] WARN  t.e.s.s.implementations.UserService - ROLE_USER
2023-02-26 16:45:07 [SpringApplicationShutdownHook] INFO  o.s.c.n.e.s.EurekaServiceRegistry - Unregistering application FORUM-SERVICE with eureka with status DOWN
2023-02-26 16:45:07 [SpringApplicationShutdownHook] INFO  c.netflix.discovery.DiscoveryClient - Saw local status change event StatusChangeEvent [timestamp=1677426307749, current=DOWN, previous=UP]
2023-02-26 16:45:07 [DiscoveryClient-InstanceInfoReplicator-0] INFO  c.netflix.discovery.DiscoveryClient - DiscoveryClient_FORUM-SERVICE/192.168.0.4:forum-service:8085: registering service...
2023-02-26 16:45:07 [DiscoveryClient-InstanceInfoReplicator-0] INFO  c.netflix.discovery.DiscoveryClient - DiscoveryClient_FORUM-SERVICE/192.168.0.4:forum-service:8085 - registration status: 204
2023-02-26 16:45:07 [SpringApplicationShutdownHook] INFO  o.s.a.r.l.DirectReplyToMessageListenerContainer - Successfully waited for consumers to finish.
2023-02-26 16:45:07 [SpringApplicationShutdownHook] INFO  o.s.o.j.LocalContainerEntityManagerFactoryBean - Closing JPA EntityManagerFactory for persistence unit 'default'
2023-02-26 16:45:07 [SpringApplicationShutdownHook] INFO  com.zaxxer.hikari.HikariDataSource - HikariPool-1 - Shutdown initiated...
2023-02-26 16:45:07 [SpringApplicationShutdownHook] INFO  com.zaxxer.hikari.HikariDataSource - HikariPool-1 - Shutdown completed.
2023-02-26 16:45:07 [SpringApplicationShutdownHook] INFO  c.netflix.discovery.DiscoveryClient - Shutting down DiscoveryClient ...
2023-02-26 16:45:10 [SpringApplicationShutdownHook] INFO  c.netflix.discovery.DiscoveryClient - Unregistering ...
2023-02-26 16:45:10 [SpringApplicationShutdownHook] INFO  c.netflix.discovery.DiscoveryClient - DiscoveryClient_FORUM-SERVICE/192.168.0.4:forum-service:8085 - deregister  status: 200
2023-02-26 16:45:10 [SpringApplicationShutdownHook] INFO  c.netflix.discovery.DiscoveryClient - Completed shut down of DiscoveryClient
